{"type":"server-started","port":57824,"host":"127.0.0.1","url_host":"localhost","url":"http://localhost:57824","screen_dir":"/Users/muhammadalichamdan/Documents/Development/alerta-progress/.superpowers/brainstorm/74448-1778515216/content","state_dir":"/Users/muhammadalichamdan/Documents/Development/alerta-progress/.superpowers/brainstorm/74448-1778515216/state"}
{"type":"screen-added","file":"/Users/muhammadalichamdan/Documents/Development/alerta-progress/.superpowers/brainstorm/74448-1778515216/content/pages-overview.html"}
{"source":"user-event","type":"click","text":"1\n      \n        Login Page\n        Authentication screen with username/password","choice":"login","id":null,"timestamp":1778515388703}
{"source":"user-event","type":"click","text":"2\n      \n        Dashboard\n        Role-based overview with statistics and filters","choice":"dashboard","id":null,"timestamp":1778515389427}
{"source":"user-event","type":"click","text":"3\n      \n        Alerts Management\n        Create, view, edit alerts and status tracking","choice":"alerts","id":null,"timestamp":1778515390018}
{"source":"user-event","type":"click","text":"4\n      \n        Auditor Panel\n        Review, approve, reject alerts with detailed view","choice":"auditor","id":null,"timestamp":1778515391494}
{"source":"user-event","type":"click","text":"5\n      \n        Users Management\n        Admin page for user accounts (role 0 only)","choice":"users","id":null,"timestamp":1778515391860}
{"source":"user-event","type":"click","text":"6\n      \n        Settings\n        Profile, password change, preferences","choice":"settings","id":null,"timestamp":1778515392419}
{"type":"screen-added","file":"/Users/muhammadalichamdan/Documents/Development/alerta-progress/.superpowers/brainstorm/74448-1778515216/content/layout-options.html"}
{"type":"screen-added","file":"/Users/muhammadalichamdan/Documents/Development/alerta-progress/.superpowers/brainstorm/74448-1778515216/content/waiting.html"}
{"type":"screen-added","file":"/Users/muhammadalichamdan/Documents/Development/alerta-progress/.superpowers/brainstorm/74448-1778515216/content/design-approaches.html"}
{"source":"user-event","type":"click","text":"3\n    \n      Hybrid (Recommended)\n      Modern structure + familiar patterns","choice":"hybrid","id":null,"timestamp":1778515710837}
{"source":"user-event","type":"click","text":"3\n    \n      Hybrid (Recommended)\n      Modern structure + familiar patterns","choice":"hybrid","id":null,"timestamp":1778515717024}
{"source":"user-event","type":"click","text":"3\n    \n      Hybrid (Recommended)\n      Modern structure + familiar patterns","choice":"hybrid","id":null,"timestamp":1778515717190}
{"source":"user-event","type":"click","text":"3\n    \n      Hybrid (Recommended)\n      Modern structure + familiar patterns","choice":"hybrid","id":null,"timestamp":1778515717357}
{"type":"screen-added","file":"/Users/muhammadalichamdan/Documents/Development/alerta-progress/.superpowers/brainstorm/74448-1778515216/content/login-design.html"}
{"type":"screen-added","file":"/Users/muhammadalichamdan/Documents/Development/alerta-progress/.superpowers/brainstorm/74448-1778515216/content/dashboard-design.html"}
{"type":"screen-added","file":"/Users/muhammadalichamdan/Documents/Development/alerta-progress/.superpowers/brainstorm/74448-1778515216/content/waiting-2.html"}
{"type":"screen-added","file":"/Users/muhammadalichamdan/Documents/Development/alerta-progress/.superpowers/brainstorm/74448-1778515216/content/professional-dashboard.html"}
{"type":"screen-added","file":"/Users/muhammadalichamdan/Documents/Development/alerta-progress/.superpowers/brainstorm/74448-1778515216/content/dashboard-refined.html"}
{"type":"screen-added","file":"/Users/muhammadalichamdan/Documents/Development/alerta-progress/.superpowers/brainstorm/74448-1778515216/content/dashboard-glass.html"}
{"type":"screen-added","file":"/Users/muhammadalichamdan/Documents/Development/alerta-progress/.superpowers/brainstorm/74448-1778515216/content/dashboard-glass-proper.html"}
{"type":"server-stopped","reason":"idle timeout"}
